<?xml version="1.0" encoding="UTF-8"?>
<!-- Generated by org.testng.reporters.JUnitXMLReporter -->
<testsuite ignored="4" hostname="DESKTOP-I3BGM4H" failures="1" tests="4" name="Test(failed)" time="27.295" errors="0" timestamp="2022-05-14T17:28:54 IST">
  <testcase classname="com.mydemo.testcases.HomePageTest" name="@BeforeMethod Setup" time="0.03">
    <failure type="java.lang.NullPointerException" message="Cannot invoke &amp;quot;java.util.Properties.getProperty(String)&amp;quot; because &amp;quot;this.prop&amp;quot; is null">
      <![CDATA[java.lang.NullPointerException: Cannot invoke "java.util.Properties.getProperty(String)" because "this.prop" is null
at com.mydemo.base.BaseClass.launchApp(BaseClass.java:48)
at com.mydemo.testcases.HomePageTest.Setup(HomePageTest.java:21)
at java.base/java.util.ArrayList.forEach(ArrayList.java:1511)
... Removed 31 stack frames]]>
    </failure>
  </testcase> <!-- @BeforeMethod Setup -->
  <testcase classname="com.mydemo.testcases.HomePageTest" name="@AfterMethod tearDown" time="-1.652529533973E9">
    <skipped/>
  </testcase> <!-- @AfterMethod tearDown -->
  <testcase classname="com.mydemo.testcases.HomePageTest" name="@BeforeMethod Setup" time="-1.652529533977E9">
    <skipped/>
  </testcase> <!-- @BeforeMethod Setup -->
  <testcase classname="com.mydemo.testcases.HomePageTest" name="@AfterMethod tearDown" time="-1.65252953399E9">
    <skipped/>
  </testcase> <!-- @AfterMethod tearDown -->
  <testcase classname="com.mydemo.testcases.LoginPageTest" name="loginTest" time="14.064"/>
  <testcase classname="com.mydemo.testcases.HomePageTest" name="validateOrderHistoryTest" time="0.0">
    <skipped/>
  </testcase> <!-- validateOrderHistoryTest -->
  <testcase classname="com.mydemo.testcases.HomePageTest" name="validateMyWishListTest" time="0.0">
    <skipped/>
  </testcase> <!-- validateMyWishListTest -->
  <testcase classname="com.mydemo.testcases.AccountCreationPageTest" name="validateAcountCreatePageTest" time="0.0">
    <failure type="org.testng.TestNGException" message="
Cannot inject @Test annotated Method [validateAcountCreatePageTest] with [class java.lang.String].
For more information on native dependency injection please refer to http://testng.org/doc/documentation-main.html#native-dependency-injection">
      <![CDATA[org.testng.TestNGException: 
Cannot inject @Test annotated Method [validateAcountCreatePageTest] with [class java.lang.String].
For more information on native dependency injection please refer to http://testng.org/doc/documentation-main.html#native-dependency-injection
at java.base/java.util.ArrayList.forEach(ArrayList.java:1511)
... Removed 26 stack frames]]>
    </failure>
  </testcase> <!-- validateAcountCreatePageTest -->
  <testcase classname="com.mydemo.base.BaseClass" name="@AfterSuite afterSuite" time="0.0">
    <ignored/>
  </testcase> <!-- @AfterSuite afterSuite -->
  <testcase classname="com.mydemo.base.BaseClass" name="@AfterSuite afterSuite" time="0.0">
    <ignored/>
  </testcase> <!-- @AfterSuite afterSuite -->
  <testcase classname="com.mydemo.base.BaseClass" name="@BeforeSuite loadConfig" time="0.0">
    <ignored/>
  </testcase> <!-- @BeforeSuite loadConfig -->
  <testcase classname="com.mydemo.base.BaseClass" name="@BeforeSuite loadConfig" time="0.0">
    <ignored/>
  </testcase> <!-- @BeforeSuite loadConfig -->
</testsuite> <!-- Test(failed) -->
